<?xml version="1.0" encoding="UTF-8"?>
<coverage generated="1365684442">
  <project timestamp="1365684442">
    <package name="Orchestra\Memory\Drivers">
      <file name="/Users/crynobone/Projects/illuminate/memory/src/Orchestra/Memory/Drivers/Cache.php">
        <class name="Cache" namespace="Orchestra\Memory\Drivers">
          <metrics methods="2" coveredmethods="2" conditionals="0" coveredconditionals="0" statements="5" coveredstatements="5" elements="7" coveredelements="7"/>
        </class>
        <line num="20" type="method" name="initiate" crap="2" count="2"/>
        <line num="22" type="stmt" count="2"/>
        <line num="23" type="stmt" count="2"/>
        <line num="24" type="stmt" count="2"/>
        <line num="32" type="method" name="shutdown" crap="1" count="1"/>
        <line num="34" type="stmt" count="1"/>
        <line num="35" type="stmt" count="1"/>
        <metrics loc="35" ncloc="17" classes="1" methods="2" coveredmethods="2" conditionals="0" coveredconditionals="0" statements="5" coveredstatements="5" elements="7" coveredelements="7"/>
      </file>
      <file name="/Users/crynobone/Projects/illuminate/memory/src/Orchestra/Memory/Drivers/Driver.php">
        <class name="Driver" namespace="Orchestra\Memory\Drivers">
          <metrics methods="6" coveredmethods="4" conditionals="0" coveredconditionals="0" statements="11" coveredstatements="11" elements="17" coveredelements="15"/>
        </class>
        <line num="0" type="stmt" count="1"/>
        <line num="43" type="method" name="__construct" crap="2" count="14"/>
        <line num="45" type="stmt" count="14"/>
        <line num="46" type="stmt" count="14"/>
        <line num="48" type="stmt" count="14"/>
        <line num="49" type="stmt" count="14"/>
        <line num="59" type="method" name="get" crap="2" count="5"/>
        <line num="61" type="stmt" count="5"/>
        <line num="63" type="stmt" count="5"/>
        <line num="65" type="stmt" count="2"/>
        <line num="76" type="method" name="put" crap="1" count="7"/>
        <line num="78" type="stmt" count="7"/>
        <line num="79" type="stmt" count="7"/>
        <line num="81" type="stmt" count="7"/>
        <line num="91" type="method" name="forget" crap="1" count="1"/>
        <line num="93" type="stmt" count="1"/>
        <line num="103" type="method" name="initiate" crap="1" count="0"/>
        <line num="112" type="method" name="shutdown" crap="1" count="0"/>
        <metrics loc="112" ncloc="45" classes="1" methods="4" coveredmethods="4" conditionals="0" coveredconditionals="0" statements="11" coveredstatements="11" elements="15" coveredelements="15"/>
      </file>
      <file name="/Users/crynobone/Projects/illuminate/memory/src/Orchestra/Memory/Drivers/Eloquent.php">
        <class name="Eloquent" namespace="Orchestra\Memory\Drivers">
          <metrics methods="2" coveredmethods="2" conditionals="0" coveredconditionals="0" statements="38" coveredstatements="38" elements="40" coveredelements="40"/>
        </class>
        <line num="0" type="stmt" count="2"/>
        <line num="29" type="method" name="initiate" crap="3" count="2"/>
        <line num="31" type="stmt" count="2"/>
        <line num="33" type="stmt" count="2"/>
        <line num="35" type="stmt" count="2"/>
        <line num="37" type="stmt" count="2"/>
        <line num="39" type="stmt" count="2"/>
        <line num="41" type="stmt" count="2"/>
        <line num="42" type="stmt" count="2"/>
        <line num="43" type="stmt" count="2"/>
        <line num="45" type="stmt" count="2"/>
        <line num="46" type="stmt" count="2"/>
        <line num="54" type="method" name="shutdown" crap="6" count="1"/>
        <line num="56" type="stmt" count="1"/>
        <line num="58" type="stmt" count="1"/>
        <line num="59" type="stmt" count="1"/>
        <line num="60" type="stmt" count="1"/>
        <line num="62" type="stmt" count="1"/>
        <line num="63" type="stmt" count="1"/>
        <line num="64" type="stmt" count="1"/>
        <line num="65" type="stmt" count="1"/>
        <line num="66" type="stmt" count="1"/>
        <line num="68" type="stmt" count="1"/>
        <line num="70" type="stmt" count="1"/>
        <line num="71" type="stmt" count="1"/>
        <line num="72" type="stmt" count="1"/>
        <line num="75" type="stmt" count="1"/>
        <line num="77" type="stmt" count="1"/>
        <line num="78" type="stmt" count="1"/>
        <line num="79" type="stmt" count="1"/>
        <line num="80" type="stmt" count="1"/>
        <line num="81" type="stmt" count="1"/>
        <line num="82" type="stmt" count="1"/>
        <line num="83" type="stmt" count="1"/>
        <line num="86" type="stmt" count="1"/>
        <line num="87" type="stmt" count="1"/>
        <line num="88" type="stmt" count="1"/>
        <line num="89" type="stmt" count="1"/>
        <line num="91" type="stmt" count="1"/>
        <line num="93" type="stmt" count="1"/>
        <line num="94" type="stmt" count="1"/>
        <metrics loc="94" ncloc="70" classes="1" methods="2" coveredmethods="2" conditionals="0" coveredconditionals="0" statements="38" coveredstatements="38" elements="40" coveredelements="40"/>
      </file>
      <file name="/Users/crynobone/Projects/illuminate/memory/src/Orchestra/Memory/Drivers/Fluent.php">
        <class name="Fluent" namespace="Orchestra\Memory\Drivers">
          <metrics methods="2" coveredmethods="2" conditionals="0" coveredconditionals="0" statements="39" coveredstatements="39" elements="41" coveredelements="41"/>
        </class>
        <line num="38" type="method" name="initiate" crap="3" count="2"/>
        <line num="40" type="stmt" count="2"/>
        <line num="42" type="stmt" count="2"/>
        <line num="44" type="stmt" count="2"/>
        <line num="46" type="stmt" count="2"/>
        <line num="48" type="stmt" count="2"/>
        <line num="50" type="stmt" count="2"/>
        <line num="51" type="stmt" count="2"/>
        <line num="52" type="stmt" count="2"/>
        <line num="54" type="stmt" count="2"/>
        <line num="55" type="stmt" count="2"/>
        <line num="63" type="method" name="shutdown" crap="6" count="1"/>
        <line num="65" type="stmt" count="1"/>
        <line num="67" type="stmt" count="1"/>
        <line num="68" type="stmt" count="1"/>
        <line num="69" type="stmt" count="1"/>
        <line num="71" type="stmt" count="1"/>
        <line num="72" type="stmt" count="1"/>
        <line num="73" type="stmt" count="1"/>
        <line num="74" type="stmt" count="1"/>
        <line num="75" type="stmt" count="1"/>
        <line num="77" type="stmt" count="1"/>
        <line num="79" type="stmt" count="1"/>
        <line num="80" type="stmt" count="1"/>
        <line num="81" type="stmt" count="1"/>
        <line num="84" type="stmt" count="1"/>
        <line num="86" type="stmt" count="1"/>
        <line num="87" type="stmt" count="1"/>
        <line num="89" type="stmt" count="1"/>
        <line num="90" type="stmt" count="1"/>
        <line num="91" type="stmt" count="1"/>
        <line num="92" type="stmt" count="1"/>
        <line num="93" type="stmt" count="1"/>
        <line num="94" type="stmt" count="1"/>
        <line num="98" type="stmt" count="1"/>
        <line num="99" type="stmt" count="1"/>
        <line num="100" type="stmt" count="1"/>
        <line num="101" type="stmt" count="1"/>
        <line num="102" type="stmt" count="1"/>
        <line num="104" type="stmt" count="1"/>
        <line num="105" type="stmt" count="1"/>
        <metrics loc="105" ncloc="71" classes="1" methods="2" coveredmethods="2" conditionals="0" coveredconditionals="0" statements="39" coveredstatements="39" elements="41" coveredelements="41"/>
      </file>
      <file name="/Users/crynobone/Projects/illuminate/memory/src/Orchestra/Memory/Drivers/Runtime.php">
        <class name="Runtime" namespace="Orchestra\Memory\Drivers">
          <metrics methods="2" coveredmethods="2" conditionals="0" coveredconditionals="0" statements="2" coveredstatements="2" elements="4" coveredelements="4"/>
        </class>
        <line num="19" type="method" name="initiate" crap="1" count="3"/>
        <line num="21" type="stmt" count="3"/>
        <line num="30" type="method" name="shutdown" crap="1" count="1"/>
        <line num="32" type="stmt" count="1"/>
        <metrics loc="33" ncloc="15" classes="1" methods="2" coveredmethods="2" conditionals="0" coveredconditionals="0" statements="2" coveredstatements="2" elements="4" coveredelements="4"/>
      </file>
    </package>
    <metrics files="5" loc="379" ncloc="218" classes="5" methods="12" coveredmethods="12" conditionals="0" coveredconditionals="0" statements="95" coveredstatements="95" elements="107" coveredelements="107"/>
  </project>
</coverage>
